[backblue.gif]
[fade.gif]
[index.html]
[alistamento.eb.mil.br/assets/images/favicons/favicon-16x16.png]
[alistamento.eb.mil.br/assets/images/favicons/favicon-32x32.png]
[alistamento.eb.mil.br/assets/images/favicons/favicon-96x96.png]
[alistamento.eb.mil.br/assets/manifest.json]
[cdn.jsdelivr.net/npm/bootstrap@5.3.1/dist/css/bootstrap.min.css]
[use.fontawesome.com/releases/v5.8.2/css/all.css]
[cdn.jsdelivr.net/npm/jquery@3.7.1/dist/jquery.min.js]
[cdn.jsdelivr.net/npm/bootstrap@5.3.1/dist/js/bootstrap.bundle.min.js]
[alistamento.eb.mil.br/assets/lib/imagesloaded/imagesloaded.min.js]
[alistamento.eb.mil.br/assets/lib/alertify/alertify.min.js]
[alistamento.eb.mil.br/assets/js/main.js]
[alistamento.eb.mil.br/index.html]
[cdn.jsdelivr.net/npm/bootstrap@5.3.1/dist/css/bootstrap.min.css]
[use.fontawesome.com/releases/v5.8.2/css/all.css]
[alistamento.eb.mil.br/assets/lib/alertify/alertify.min.css]
[alistamento.eb.mil.br/assets/images/intro/wallpaper1.png]
[alistamento.eb.mil.br/assets/images/intro/eb.jpg]
[alistamento.eb.mil.br/assets/images/intro/mb.jpg]
[alistamento.eb.mil.br/assets/images/intro/fab.jpg]
[alistamento.eb.mil.br/assets/css/main.css]
[alistamento.eb.mil.br/assets/pdf/muntrib.pdf]
[alistamento.eb.mil.br/assets/images/sermilmob.png]
[alistamento.eb.mil.br/assets/lib/components-modernizr/modernizr.js]
[alistamento.eb.mil.br/assets/js/alistamento.js]
[alistamento.eb.mil.br/alistamento-feminino.html]
[alistamento.eb.mil.br/lista-servicos.html]
[alistamento.eb.mil.br/help/faq.html]
[alistamento.eb.mil.br/alistamento.html]
[alistamento.eb.mil.br/assets/lib/alertify/bootstrap.min.css]
[alistamento.eb.mil.br/assets/lib/datatables/datatables.min.css]
[alistamento.eb.mil.br/assets/lib/datetimepicker/css/bootstrap-datetimepicker.min.css]
[alistamento.eb.mil.br/assets/css/ie_fix.css]
[alistamento.eb.mil.br/assets/lib/datatables/datatables.min.js]
[alistamento.eb.mil.br/servico/jsm.html]
[alistamento.eb.mil.br/servico/autenticacao.html]
[alistamento.eb.mil.br/help/exterior.html]
[alistamento.eb.mil.br/assets/pdf/requerimento-deficiencia.pdf]
[alistamento.eb.mil.br/assets/pdf/atestado-deficiencia.pdf]
[alistamento.eb.mil.br/help/deficiencia.html]
[alistamento.eb.mil.br/help/feminino.html]
[alistamento.eb.mil.br/servico/jsm/reparticoesConsulares.html]
